\BOOKMARK [1][-]{section.1}{\376\377\004\022\004\113\004\107\004\070\004\101\004\073\004\065\004\075\004\070\004\065\000\040\004\074\004\060\004\072\004\101\004\070\004\074\004\060\004\073\004\114\004\075\004\076\004\071\000\040\004\064\004\060\004\073\004\114\004\075\004\076\004\101\004\102\004\070}{}% 1
\BOOKMARK [2][-]{subsection.1.1}{\376\377\004\037\004\076\004\101\004\102\004\060\004\075\004\076\004\062\004\072\004\060\000\040\004\067\004\060\004\064\004\060\004\107\004\070}{section.1}% 2
\BOOKMARK [2][-]{subsection.1.2}{\376\377\004\040\004\060\004\101\004\107\004\065\004\102\000\040\004\104\004\070\004\067\004\070\004\107\004\065\004\101\004\072\004\076\004\063\004\076\000\040\004\100\004\060\004\101\004\101\004\102\004\076\004\117\004\075\004\070\004\117}{section.1}% 3
\BOOKMARK [2][-]{subsection.1.3}{\376\377\004\024\004\076\004\072\004\060\004\067\004\060\004\102\004\065\004\073\004\114\004\101\004\102\004\062\004\076\000\040\004\076\004\077\004\102\004\070\004\074\004\060\004\073\004\114\004\075\004\076\004\101\004\102\004\070\000\040\004\100\004\065\004\110\004\065\004\075\004\070\004\117}{section.1}% 4
\BOOKMARK [1][-]{section.2}{\376\377\004\020\004\104\004\060\004\075\004\060\004\101\004\114\004\065\004\062\000.\000\040\004\027\004\060\004\064\004\060\004\075\004\070\004\065\000\040\0001}{}% 5
\BOOKMARK [1][-]{section.3}{\376\377\004\020\004\104\004\060\004\075\004\060\004\101\004\114\004\065\004\062\000.\000\040\004\027\004\060\004\064\004\060\004\075\004\070\004\065\000\040\0002}{}% 6
\BOOKMARK [1][-]{section.4}{\376\377\004\020\004\021\004\023\004\050}{}% 7
\BOOKMARK [1][-]{section.5}{\376\377\004\024\004\065\004\106\004\070\004\061\004\065\004\073}{}% 8
\BOOKMARK [1][-]{section.6}{\376\377\004\037\004\076\004\107\004\065\004\074\004\103\000\040\004\067\004\076\004\075\004\103\000\040\004\077\004\076\004\072\004\100\004\113\004\102\004\070\004\117\000\040\004\060\004\061\004\076\004\075\004\065\004\075\004\102\004\101\004\072\004\076\004\071\000\040\004\101\004\102\004\060\004\075\004\106\004\070\004\070\000\040\004\070\004\067\004\076\004\061\004\100\004\060\004\066\004\060\004\116\004\102\000\040\004\110\004\065\004\101\004\102\004\070\004\103\004\063\004\076\004\073\004\114\004\075\004\070\004\072\004\076\004\074}{}% 9
\BOOKMARK [2][-]{subsection.6.1}{\376\377\004\024\004\070\004\060\004\063\004\100\004\060\004\074\004\113\000\040\004\022\004\076\004\100\004\076\004\075\004\076\004\063\004\076}{section.6}% 10
\BOOKMARK [2][-]{subsection.6.2}{\376\377\004\020\004\073\004\063\004\076\004\100\004\070\004\102\004\074\000\040\004\077\004\076\004\101\004\102\004\100\004\076\004\065\004\075\004\070\004\117\000\040\004\064\004\070\004\060\004\063\004\100\004\060\004\074\004\074\004\113\000\040\004\022\004\076\004\100\004\076\004\075\004\076\004\063\004\076}{section.6}% 11
\BOOKMARK [1][-]{section.7}{\376\377\004\035\004\060\004\063\004\100\004\103\004\067\004\072\004\060\000\040\004\075\004\060\000\040\004\101\004\065\004\102\004\114\000\040\004\062\000\040\004\055\004\100\004\073\004\060\004\075\004\063\004\060\004\105}{}% 12
\BOOKMARK [1][-]{section.8}{\376\377\004\037\004\065\004\100\004\065\004\064\004\060\004\107\004\060\000\040\004\100\004\060\004\064\004\070\004\076\000\040\004\101\004\070\004\063\004\075\004\060\004\073\004\060\000\040\000<\000<\004\067\004\060\000\040\004\063\004\076\004\100\004\070\004\067\004\076\004\075\004\102\000>\000>\000.\000\040\004\055\004\104\004\104\004\065\004\072\004\102\000\040\004\032\004\060\004\061\004\060\004\075\004\076\004\062\004\060}{}% 13
\BOOKMARK [1][-]{section.9}{\376\377\004\042\004\065\004\076\004\100\004\065\004\102\004\070\004\107\004\065\004\101\004\072\004\060\004\117\000\040\004\062\004\065\004\100\004\076\004\117\004\102\004\075\004\076\004\101\004\102\004\114\000\040\004\062\000\040\004\064\004\062\004\076\004\070\004\107\004\075\004\076\004\074\000\040\004\072\004\060\004\075\004\060\004\073\004\065\000\040\004\101\000\040\004\060\004\064\004\064\004\070\004\102\004\070\004\062\004\075\004\113\004\074\000\040\004\061\004\065\004\073\004\113\004\074\000\040\004\063\004\103\004\060\004\101\004\101\004\076\004\062\004\101\004\072\004\070\004\074\000\040\004\110\004\103\004\074\004\076\004\074}{}% 14
\BOOKMARK [1][-]{section.10}{\376\377\004\055\004\072\004\101\004\077\004\076\004\075\004\065\004\075\004\106\004\070\004\060\004\073\004\114\004\075\004\076\004\065\000\040\004\100\004\060\004\101\004\077\004\100\004\065\004\064\004\065\004\073\004\065\004\075\004\070\004\065\000.\000\040\004\055\004\104\004\104\004\065\004\072\004\102\000\040\004\061\004\065\004\067\000\040\004\077\004\060\004\074\004\117\004\102\004\070}{}% 15
\BOOKMARK [2][-]{subsection.10.1}{\376\377\004\037\004\076\004\101\004\102\004\060\004\075\004\076\004\062\004\072\004\060\000\040\004\067\004\060\004\064\004\060\004\107\004\070}{section.10}% 16
\BOOKMARK [3][-]{subsubsection.10.1.1}{\376\377\004\037\004\100\004\070\004\074\004\065\004\100}{subsection.10.1}% 17
\BOOKMARK [2][-]{subsection.10.2}{\376\377\004\022\004\113\004\062\004\076\004\064\004\113}{section.10}% 18
\BOOKMARK [1][-]{section.11}{\376\377\004\034\004\076\004\061\004\070\004\073\004\114\004\075\004\113\004\065\000\040\004\101\004\065\004\102\004\070\000\040\004\077\004\065\004\100\004\062\004\076\004\063\004\076\000\040\004\077\004\076\004\072\004\076\004\073\004\065\004\075\004\070\004\117}{}% 19
\BOOKMARK [1][-]{section.12}{\376\377\004\024\004\070\004\101\004\072\004\100\004\065\004\102\004\075\004\076\004\065\000\040\004\077\004\100\004\065\004\076\004\061\004\100\004\060\004\067\004\076\004\062\004\060\004\075\004\070\004\065\000\040\004\044\004\103\004\100\004\114\004\065}{}% 20
\BOOKMARK [1][-]{section.13}{\376\377\004\036\004\102\004\075\004\076\004\110\004\065\004\075\004\070\004\065\000\040\004\101\004\070\004\063\004\075\004\060\004\073\000/\004\110\004\103\004\074}{}% 21
\BOOKMARK [1][-]{section.14}{\376\377\004\040\004\117\004\064\000\040\004\044\004\103\004\100\004\114\004\065\000\040\004\062\000\040\004\072\004\076\004\074\004\077\004\073\004\065\004\072\004\101\004\075\004\076\004\071\000\040\004\104\004\076\004\100\004\074\004\065}{}% 22
\BOOKMARK [1][-]{section.15}{\376\377\004\037\004\100\004\076\004\061\004\073\004\065\004\074\004\113\000\040\004\077\004\100\004\070\000\040\004\074\004\075\004\076\004\063\004\076\004\073\004\103\004\107\004\065\004\062\004\076\004\071\000\040\004\077\004\065\004\100\004\065\004\064\004\060\004\107\004\065}{}% 23
\BOOKMARK [1][-]{section.16}{\376\377\004\027\004\060\004\111\004\070\004\102\004\075\004\113\004\071\000\040\004\070\004\075\004\102\004\065\004\100\004\062\004\060\004\073}{}% 24
\BOOKMARK [1][-]{section.17}{\376\377\004\027\004\060\004\111\004\070\004\102\004\075\004\076\004\065\000\040\004\062\004\100\004\065\004\074\004\117}{}% 25
